<?xml version="1.0" encoding="UTF-8"?>
<!-- Generated by org.testng.reporters.JUnitXMLReporter -->
<testsuite hostname="MD-4XMJXH2" ignored="0" name="EmployeesRESTApi" tests="42" failures="4" timestamp="2020-01-15T12:11:08 IST" time="8.523" errors="0">
  <testcase name="CheckContentEncoding" time="0.007" classname="com.employeeapi.testcases.TC_001_GetAllEmployees"/>
  <testcase name="CheckContentLength" time="0.002" classname="com.employeeapi.testcases.TC_001_GetAllEmployees"/>
  <testcase name="CheckContentType" time="0.002" classname="com.employeeapi.testcases.TC_001_GetAllEmployees"/>
  <testcase name="CheckCookies" time="0.002" classname="com.employeeapi.testcases.TC_001_GetAllEmployees"/>
  <testcase name="CheckResponseBody" time="0.018" classname="com.employeeapi.testcases.TC_001_GetAllEmployees"/>
  <testcase name="CheckResponseTime" time="0.003" classname="com.employeeapi.testcases.TC_001_GetAllEmployees">
    <failure type="java.lang.AssertionError" message="expected [true] but found [false]">
      <![CDATA[java.lang.AssertionError: expected [true] but found [false]
at com.employeeapi.testcases.TC_001_GetAllEmployees.CheckResponseTime(TC_001_GetAllEmployees.java:48)
at java.util.ArrayList.forEach(Unknown Source)
... Removed 31 stack frames]]>
    </failure>
  </testcase> <!-- CheckResponseTime -->
  <testcase name="CheckServerType" time="0.001" classname="com.employeeapi.testcases.TC_001_GetAllEmployees"/>
  <testcase name="CheckStatusCode" time="0.002" classname="com.employeeapi.testcases.TC_001_GetAllEmployees"/>
  <testcase name="CheckStatusLine" time="0.006" classname="com.employeeapi.testcases.TC_001_GetAllEmployees"/>
  <testcase name="CheckContentEncoding" time="0.001" classname="com.employeeapi.testcases.TC_002_GetSingleEmployee"/>
  <testcase name="CheckContentLength" time="0.002" classname="com.employeeapi.testcases.TC_002_GetSingleEmployee"/>
  <testcase name="CheckContentType" time="0.0" classname="com.employeeapi.testcases.TC_002_GetSingleEmployee"/>
  <testcase name="CheckCookies" time="0.001" classname="com.employeeapi.testcases.TC_002_GetSingleEmployee"/>
  <testcase name="CheckResponseBody" time="0.001" classname="com.employeeapi.testcases.TC_002_GetSingleEmployee"/>
  <testcase name="CheckResponseTime" time="0.002" classname="com.employeeapi.testcases.TC_002_GetSingleEmployee">
    <failure type="java.lang.AssertionError" message="expected [true] but found [false]">
      <![CDATA[java.lang.AssertionError: expected [true] but found [false]
at com.employeeapi.testcases.TC_002_GetSingleEmployee.CheckResponseTime(TC_002_GetSingleEmployee.java:53)
at java.util.ArrayList.forEach(Unknown Source)
... Removed 31 stack frames]]>
    </failure>
  </testcase> <!-- CheckResponseTime -->
  <testcase name="CheckServerType" time="0.001" classname="com.employeeapi.testcases.TC_002_GetSingleEmployee"/>
  <testcase name="CheckStatusCode" time="0.001" classname="com.employeeapi.testcases.TC_002_GetSingleEmployee"/>
  <testcase name="CheckStatusLine" time="0.001" classname="com.employeeapi.testcases.TC_002_GetSingleEmployee"/>
  <testcase name="CheckContentLength" time="0.001" classname="com.employeeapi.testcases.TC_003_CreateRecord"/>
  <testcase name="CheckContentType" time="0.001" classname="com.employeeapi.testcases.TC_003_CreateRecord"/>
  <testcase name="CheckCookies" time="0.001" classname="com.employeeapi.testcases.TC_003_CreateRecord"/>
  <testcase name="CheckResponseBody" time="0.001" classname="com.employeeapi.testcases.TC_003_CreateRecord"/>
  <testcase name="CheckResponseTime" time="0.001" classname="com.employeeapi.testcases.TC_003_CreateRecord"/>
  <testcase name="CheckServerType" time="0.001" classname="com.employeeapi.testcases.TC_003_CreateRecord"/>
  <testcase name="CheckStatusCode" time="0.002" classname="com.employeeapi.testcases.TC_003_CreateRecord"/>
  <testcase name="CheckStatusLine" time="0.001" classname="com.employeeapi.testcases.TC_003_CreateRecord"/>
  <testcase name="CheckContentLength" time="0.001" classname="com.employeeapi.testcases.TC_004_UpdateRecord"/>
  <testcase name="CheckContentType" time="0.001" classname="com.employeeapi.testcases.TC_004_UpdateRecord"/>
  <testcase name="CheckCookies" time="0.001" classname="com.employeeapi.testcases.TC_004_UpdateRecord"/>
  <testcase name="CheckResponseBody" time="0.001" classname="com.employeeapi.testcases.TC_004_UpdateRecord">
    <failure type="java.lang.AssertionError" message="expected [true] but found [false]">
      <![CDATA[java.lang.AssertionError: expected [true] but found [false]
at com.employeeapi.testcases.TC_004_UpdateRecord.CheckResponseBody(TC_004_UpdateRecord.java:42)
at java.util.ArrayList.forEach(Unknown Source)
... Removed 32 stack frames]]>
    </failure>
  </testcase> <!-- CheckResponseBody -->
  <testcase name="CheckResponseTime" time="0.004" classname="com.employeeapi.testcases.TC_004_UpdateRecord"/>
  <testcase name="CheckServerType" time="0.001" classname="com.employeeapi.testcases.TC_004_UpdateRecord"/>
  <testcase name="CheckStatusCode" time="0.001" classname="com.employeeapi.testcases.TC_004_UpdateRecord"/>
  <testcase name="CheckStatusLine" time="0.001" classname="com.employeeapi.testcases.TC_004_UpdateRecord"/>
  <testcase name="CheckContentLength" time="0.004" classname="com.employeeapi.testcases.TC_005_DeleteRecord"/>
  <testcase name="CheckContentType" time="0.001" classname="com.employeeapi.testcases.TC_005_DeleteRecord"/>
  <testcase name="CheckCookies" time="0.001" classname="com.employeeapi.testcases.TC_005_DeleteRecord"/>
  <testcase name="CheckResponseBody" time="0.001" classname="com.employeeapi.testcases.TC_005_DeleteRecord">
    <failure type="java.lang.AssertionError" message="expected [true] but found [false]">
      <![CDATA[java.lang.AssertionError: expected [true] but found [false]
at com.employeeapi.testcases.TC_005_DeleteRecord.CheckResponseBody(TC_005_DeleteRecord.java:40)
at java.util.ArrayList.forEach(Unknown Source)
... Removed 32 stack frames]]>
    </failure>
  </testcase> <!-- CheckResponseBody -->
  <testcase name="CheckResponseTime" time="0.002" classname="com.employeeapi.testcases.TC_005_DeleteRecord"/>
  <testcase name="CheckServerType" time="0.001" classname="com.employeeapi.testcases.TC_005_DeleteRecord"/>
  <testcase name="CheckStatusCode" time="0.001" classname="com.employeeapi.testcases.TC_005_DeleteRecord"/>
  <testcase name="CheckStatusLine" time="0.001" classname="com.employeeapi.testcases.TC_005_DeleteRecord"/>
</testsuite> <!-- EmployeesRESTApi -->
