<?xml version="1.0" encoding="UTF-8"?>
<testsuite name="TestSuite" time="0.172" tests="42" errors="0" skipped="0" failures="3">
  <properties>
[...]
</properties>
  <testcase name="CheckContentEncoding" classname="com.employeeapi.testcases.TC_001_GetAllEmployees" time="0.009"/>
  <testcase name="CheckContentLength" classname="com.employeeapi.testcases.TC_001_GetAllEmployees" time="0.006"/>
  <testcase name="CheckContentType" classname="com.employeeapi.testcases.TC_001_GetAllEmployees" time="0.001"/>
  <testcase name="CheckCookies" classname="com.employeeapi.testcases.TC_001_GetAllEmployees" time="0.001"/>
  <testcase name="CheckResponseBody" classname="com.employeeapi.testcases.TC_001_GetAllEmployees" time="0.079"/>
  <testcase name="CheckResponseTime" classname="com.employeeapi.testcases.TC_001_GetAllEmployees" time="0.004"/>
  <testcase name="CheckServerType" classname="com.employeeapi.testcases.TC_001_GetAllEmployees" time="0.002"/>
  <testcase name="CheckStatusCode" classname="com.employeeapi.testcases.TC_001_GetAllEmployees" time="0.002"/>
  <testcase name="CheckStatusLine" classname="com.employeeapi.testcases.TC_001_GetAllEmployees" time="0.002"/>
  <testcase name="CheckContentEncoding" classname="com.employeeapi.testcases.TC_002_GetSingleEmployee" time="0.006"/>
  <testcase name="CheckContentLength" classname="com.employeeapi.testcases.TC_002_GetSingleEmployee" time="0.002"/>
  <testcase name="CheckContentType" classname="com.employeeapi.testcases.TC_002_GetSingleEmployee" time="0.001"/>
  <testcase name="CheckCookies" classname="com.employeeapi.testcases.TC_002_GetSingleEmployee" time="0"/>
  <testcase name="CheckResponseBody" classname="com.employeeapi.testcases.TC_002_GetSingleEmployee" time="0.028"/>
  <testcase name="CheckResponseTime" classname="com.employeeapi.testcases.TC_002_GetSingleEmployee" time="0.001">
    <failure message="expected [true] but found [false]" type="java.lang.AssertionError">java.lang.AssertionError: expected [true] but found [false]
	at org.testng.Assert.fail(Assert.java:97)
	at org.testng.Assert.failNotEquals(Assert.java:969)
	at org.testng.Assert.assertTrue(Assert.java:43)
	at org.testng.Assert.assertTrue(Assert.java:53)
	at com.employeeapi.testcases.TC_002_GetSingleEmployee.CheckResponseTime(TC_002_GetSingleEmployee.java:53)
</failure>
    <system-out><![CDATA[ INFO [main] (TC_002_GetSingleEmployee.java:48)- **************Checking Response Time****************
 INFO [main] (TC_002_GetSingleEmployee.java:50)- The response time is1013
]]></system-out>
  </testcase>
  <testcase name="CheckServerType" classname="com.employeeapi.testcases.TC_002_GetSingleEmployee" time="0.001"/>
  <testcase name="CheckStatusCode" classname="com.employeeapi.testcases.TC_002_GetSingleEmployee" time="0.001"/>
  <testcase name="CheckStatusLine" classname="com.employeeapi.testcases.TC_002_GetSingleEmployee" time="0.001"/>
  <testcase name="CheckContentLength" classname="com.employeeapi.testcases.TC_003_CreateRecord" time="0.002"/>
  <testcase name="CheckContentType" classname="com.employeeapi.testcases.TC_003_CreateRecord" time="0"/>
  <testcase name="CheckCookies" classname="com.employeeapi.testcases.TC_003_CreateRecord" time="0.001"/>
  <testcase name="CheckResponseBody" classname="com.employeeapi.testcases.TC_003_CreateRecord" time="0.002"/>
  <testcase name="CheckResponseTime" classname="com.employeeapi.testcases.TC_003_CreateRecord" time="0.001"/>
  <testcase name="CheckServerType" classname="com.employeeapi.testcases.TC_003_CreateRecord" time="0.001"/>
  <testcase name="CheckStatusCode" classname="com.employeeapi.testcases.TC_003_CreateRecord" time="0.002"/>
  <testcase name="CheckStatusLine" classname="com.employeeapi.testcases.TC_003_CreateRecord" time="0.001"/>
  <testcase name="CheckContentLength" classname="com.employeeapi.testcases.TC_004_UpdateRecord" time="0.002"/>
  <testcase name="CheckContentType" classname="com.employeeapi.testcases.TC_004_UpdateRecord" time="0.002"/>
  <testcase name="CheckCookies" classname="com.employeeapi.testcases.TC_004_UpdateRecord" time="0"/>
  <testcase name="CheckResponseBody" classname="com.employeeapi.testcases.TC_004_UpdateRecord" time="0.001">
    <failure message="expected [true] but found [false]" type="java.lang.AssertionError">java.lang.AssertionError: expected [true] but found [false]
	at org.testng.Assert.fail(Assert.java:97)
	at org.testng.Assert.assertEqualsImpl(Assert.java:136)
	at org.testng.Assert.assertEquals(Assert.java:118)
	at org.testng.Assert.assertEquals(Assert.java:751)
	at org.testng.Assert.assertEquals(Assert.java:761)
	at com.employeeapi.testcases.TC_004_UpdateRecord.CheckResponseBody(TC_004_UpdateRecord.java:42)
</failure>
    <system-out><![CDATA[ INFO [main] (TC_004_UpdateRecord.java:39)- **************Checking Response Body****************
 INFO [main] (TC_004_UpdateRecord.java:41)- The response body is{"status":"success","data":null}
]]></system-out>
  </testcase>
  <testcase name="CheckResponseTime" classname="com.employeeapi.testcases.TC_004_UpdateRecord" time="0.001"/>
  <testcase name="CheckServerType" classname="com.employeeapi.testcases.TC_004_UpdateRecord" time="0.001"/>
  <testcase name="CheckStatusCode" classname="com.employeeapi.testcases.TC_004_UpdateRecord" time="0.001"/>
  <testcase name="CheckStatusLine" classname="com.employeeapi.testcases.TC_004_UpdateRecord" time="0.001"/>
  <testcase name="CheckContentLength" classname="com.employeeapi.testcases.TC_005_DeleteRecord" time="0.002"/>
  <testcase name="CheckContentType" classname="com.employeeapi.testcases.TC_005_DeleteRecord" time="0.001"/>
  <testcase name="CheckCookies" classname="com.employeeapi.testcases.TC_005_DeleteRecord" time="0"/>
  <testcase name="CheckResponseBody" classname="com.employeeapi.testcases.TC_005_DeleteRecord" time="0.001">
    <failure message="expected [true] but found [false]" type="java.lang.AssertionError">java.lang.AssertionError: expected [true] but found [false]
	at org.testng.Assert.fail(Assert.java:97)
	at org.testng.Assert.assertEqualsImpl(Assert.java:136)
	at org.testng.Assert.assertEquals(Assert.java:118)
	at org.testng.Assert.assertEquals(Assert.java:751)
	at org.testng.Assert.assertEquals(Assert.java:761)
	at com.employeeapi.testcases.TC_005_DeleteRecord.CheckResponseBody(TC_005_DeleteRecord.java:40)
</failure>
    <system-out><![CDATA[ INFO [main] (TC_005_DeleteRecord.java:37)- **************Checking Response Body****************
 INFO [main] (TC_005_DeleteRecord.java:39)- The response body is{"status":"failed","message":"Error! Not able to delete record"}
]]></system-out>
  </testcase>
  <testcase name="CheckResponseTime" classname="com.employeeapi.testcases.TC_005_DeleteRecord" time="0"/>
  <testcase name="CheckServerType" classname="com.employeeapi.testcases.TC_005_DeleteRecord" time="0.001"/>
  <testcase name="CheckStatusCode" classname="com.employeeapi.testcases.TC_005_DeleteRecord" time="0.001"/>
  <testcase name="CheckStatusLine" classname="com.employeeapi.testcases.TC_005_DeleteRecord" time="0"/>
</testsuite>