<?xml version="1.0" encoding="UTF-8"?>
<testng-results skipped="0" failed="3" ignored="0" total="42" passed="39">
  <reporter-output>
  </reporter-output>
  <suite name="EmployeeRestAPISuite" duration-ms="8225" started-at="2020-01-16T09:49:31 IST" finished-at="2020-01-16T09:49:39 IST">
    <groups>
    </groups>
    <test name="EmployeesRESTApi" duration-ms="8225" started-at="2020-01-16T09:49:31 IST" finished-at="2020-01-16T09:49:39 IST">
      <class name="com.employeeapi.testcases.TC_002_GetSingleEmployee">
        <test-method status="PASS" signature="setup()[pri:0, instance:com.employeeapi.testcases.TC_002_GetSingleEmployee@4501b7af]" name="setup" is-config="true" duration-ms="4" started-at="2020-01-16T09:49:34 IST" finished-at="2020-01-16T09:49:34 IST">
          <reporter-output>
          </reporter-output>
        </test-method> <!-- setup -->
        <test-method status="PASS" signature="getEmpData()[pri:0, instance:com.employeeapi.testcases.TC_002_GetSingleEmployee@4501b7af]" name="getEmpData" is-config="true" duration-ms="1026" started-at="2020-01-16T09:49:34 IST" finished-at="2020-01-16T09:49:35 IST">
          <reporter-output>
          </reporter-output>
        </test-method> <!-- getEmpData -->
        <test-method status="PASS" signature="CheckContentEncoding()[pri:0, instance:com.employeeapi.testcases.TC_002_GetSingleEmployee@4501b7af]" name="CheckContentEncoding" duration-ms="5" started-at="2020-01-16T09:49:35 IST" finished-at="2020-01-16T09:49:35 IST">
          <reporter-output>
          </reporter-output>
        </test-method> <!-- CheckContentEncoding -->
        <test-method status="PASS" signature="CheckContentLength()[pri:0, instance:com.employeeapi.testcases.TC_002_GetSingleEmployee@4501b7af]" name="CheckContentLength" duration-ms="1" started-at="2020-01-16T09:49:35 IST" finished-at="2020-01-16T09:49:35 IST">
          <reporter-output>
          </reporter-output>
        </test-method> <!-- CheckContentLength -->
        <test-method status="PASS" signature="CheckContentType()[pri:0, instance:com.employeeapi.testcases.TC_002_GetSingleEmployee@4501b7af]" name="CheckContentType" duration-ms="1" started-at="2020-01-16T09:49:35 IST" finished-at="2020-01-16T09:49:35 IST">
          <reporter-output>
          </reporter-output>
        </test-method> <!-- CheckContentType -->
        <test-method status="PASS" signature="CheckCookies()[pri:0, instance:com.employeeapi.testcases.TC_002_GetSingleEmployee@4501b7af]" name="CheckCookies" duration-ms="1" started-at="2020-01-16T09:49:35 IST" finished-at="2020-01-16T09:49:35 IST">
          <reporter-output>
          </reporter-output>
        </test-method> <!-- CheckCookies -->
        <test-method status="PASS" signature="CheckResponseBody()[pri:0, instance:com.employeeapi.testcases.TC_002_GetSingleEmployee@4501b7af]" name="CheckResponseBody" duration-ms="2" started-at="2020-01-16T09:49:35 IST" finished-at="2020-01-16T09:49:35 IST">
          <reporter-output>
          </reporter-output>
        </test-method> <!-- CheckResponseBody -->
        <test-method status="FAIL" signature="CheckResponseTime()[pri:0, instance:com.employeeapi.testcases.TC_002_GetSingleEmployee@4501b7af]" name="CheckResponseTime" duration-ms="1" started-at="2020-01-16T09:49:35 IST" finished-at="2020-01-16T09:49:35 IST">
          <exception class="java.lang.AssertionError">
            <message>
              <![CDATA[expected [true] but found [false]]]>
            </message>
            <full-stacktrace>
              <![CDATA[java.lang.AssertionError: expected [true] but found [false]
at org.testng.Assert.fail(Assert.java:97)
at org.testng.Assert.failNotEquals(Assert.java:969)
at org.testng.Assert.assertTrue(Assert.java:43)
at org.testng.Assert.assertTrue(Assert.java:53)
at com.employeeapi.testcases.TC_002_GetSingleEmployee.CheckResponseTime(TC_002_GetSingleEmployee.java:53)
at sun.reflect.NativeMethodAccessorImpl.invoke0(Native Method)
at sun.reflect.NativeMethodAccessorImpl.invoke(NativeMethodAccessorImpl.java:62)
at sun.reflect.DelegatingMethodAccessorImpl.invoke(DelegatingMethodAccessorImpl.java:43)
at java.lang.reflect.Method.invoke(Method.java:498)
at org.testng.internal.MethodInvocationHelper.invokeMethod(MethodInvocationHelper.java:134)
at org.testng.internal.TestInvoker.invokeMethod(TestInvoker.java:597)
at org.testng.internal.TestInvoker.invokeTestMethod(TestInvoker.java:173)
at org.testng.internal.MethodRunner.runInSequence(MethodRunner.java:46)
at org.testng.internal.TestInvoker$MethodInvocationAgent.invoke(TestInvoker.java:816)
at org.testng.internal.TestInvoker.invokeTestMethods(TestInvoker.java:146)
at org.testng.internal.TestMethodWorker.invokeTestMethods(TestMethodWorker.java:146)
at org.testng.internal.TestMethodWorker.run(TestMethodWorker.java:128)
at java.util.ArrayList.forEach(ArrayList.java:1257)
at org.testng.TestRunner.privateRun(TestRunner.java:766)
at org.testng.TestRunner.run(TestRunner.java:587)
at org.testng.SuiteRunner.runTest(SuiteRunner.java:384)
at org.testng.SuiteRunner.runSequentially(SuiteRunner.java:378)
at org.testng.SuiteRunner.privateRun(SuiteRunner.java:337)
at org.testng.SuiteRunner.run(SuiteRunner.java:286)
at org.testng.SuiteRunnerWorker.runSuite(SuiteRunnerWorker.java:53)
at org.testng.SuiteRunnerWorker.run(SuiteRunnerWorker.java:96)
at org.testng.TestNG.runSuitesSequentially(TestNG.java:1187)
at org.testng.TestNG.runSuitesLocally(TestNG.java:1109)
at org.testng.TestNG.runSuites(TestNG.java:1039)
at org.testng.TestNG.run(TestNG.java:1007)
at org.apache.maven.surefire.testng.TestNGExecutor.run(TestNGExecutor.java:295)
at org.apache.maven.surefire.testng.TestNGXmlTestSuite.execute(TestNGXmlTestSuite.java:84)
at org.apache.maven.surefire.testng.TestNGProvider.invoke(TestNGProvider.java:90)
at org.apache.maven.surefire.booter.ForkedBooter.invokeProviderInSameClassLoader(ForkedBooter.java:203)
at org.apache.maven.surefire.booter.ForkedBooter.runSuitesInProcess(ForkedBooter.java:155)
at org.apache.maven.surefire.booter.ForkedBooter.main(ForkedBooter.java:103)
]]>
            </full-stacktrace>
          </exception> <!-- java.lang.AssertionError -->
          <reporter-output>
          </reporter-output>
        </test-method> <!-- CheckResponseTime -->
        <test-method status="PASS" signature="CheckServerType()[pri:0, instance:com.employeeapi.testcases.TC_002_GetSingleEmployee@4501b7af]" name="CheckServerType" duration-ms="1" started-at="2020-01-16T09:49:35 IST" finished-at="2020-01-16T09:49:35 IST">
          <reporter-output>
          </reporter-output>
        </test-method> <!-- CheckServerType -->
        <test-method status="PASS" signature="CheckStatusCode()[pri:0, instance:com.employeeapi.testcases.TC_002_GetSingleEmployee@4501b7af]" name="CheckStatusCode" duration-ms="0" started-at="2020-01-16T09:49:35 IST" finished-at="2020-01-16T09:49:35 IST">
          <reporter-output>
          </reporter-output>
        </test-method> <!-- CheckStatusCode -->
        <test-method status="PASS" signature="TearDown()[pri:0, instance:com.employeeapi.testcases.TC_002_GetSingleEmployee@4501b7af]" name="TearDown" is-config="true" duration-ms="0" started-at="2020-01-16T09:49:35 IST" finished-at="2020-01-16T09:49:35 IST">
          <reporter-output>
          </reporter-output>
        </test-method> <!-- TearDown -->
        <test-method status="PASS" signature="CheckStatusLine()[pri:0, instance:com.employeeapi.testcases.TC_002_GetSingleEmployee@4501b7af]" name="CheckStatusLine" duration-ms="0" started-at="2020-01-16T09:49:35 IST" finished-at="2020-01-16T09:49:35 IST">
          <reporter-output>
          </reporter-output>
        </test-method> <!-- CheckStatusLine -->
      </class> <!-- com.employeeapi.testcases.TC_002_GetSingleEmployee -->
      <class name="com.employeeapi.testcases.TC_003_CreateRecord">
        <test-method status="PASS" signature="setup()[pri:0, instance:com.employeeapi.testcases.TC_003_CreateRecord@523884b2]" name="setup" is-config="true" duration-ms="1" started-at="2020-01-16T09:49:35 IST" finished-at="2020-01-16T09:49:35 IST">
          <reporter-output>
          </reporter-output>
        </test-method> <!-- setup -->
        <test-method status="PASS" signature="CreateEmpData()[pri:0, instance:com.employeeapi.testcases.TC_003_CreateRecord@523884b2]" name="CreateEmpData" is-config="true" duration-ms="1021" started-at="2020-01-16T09:49:35 IST" finished-at="2020-01-16T09:49:36 IST">
          <reporter-output>
          </reporter-output>
        </test-method> <!-- CreateEmpData -->
        <test-method status="PASS" signature="CheckContentLength()[pri:0, instance:com.employeeapi.testcases.TC_003_CreateRecord@523884b2]" name="CheckContentLength" duration-ms="2" started-at="2020-01-16T09:49:36 IST" finished-at="2020-01-16T09:49:36 IST">
          <reporter-output>
          </reporter-output>
        </test-method> <!-- CheckContentLength -->
        <test-method status="PASS" signature="CheckContentType()[pri:0, instance:com.employeeapi.testcases.TC_003_CreateRecord@523884b2]" name="CheckContentType" duration-ms="1" started-at="2020-01-16T09:49:36 IST" finished-at="2020-01-16T09:49:36 IST">
          <reporter-output>
          </reporter-output>
        </test-method> <!-- CheckContentType -->
        <test-method status="PASS" signature="CheckCookies()[pri:0, instance:com.employeeapi.testcases.TC_003_CreateRecord@523884b2]" name="CheckCookies" duration-ms="1" started-at="2020-01-16T09:49:36 IST" finished-at="2020-01-16T09:49:36 IST">
          <reporter-output>
          </reporter-output>
        </test-method> <!-- CheckCookies -->
        <test-method status="PASS" signature="CheckResponseBody()[pri:0, instance:com.employeeapi.testcases.TC_003_CreateRecord@523884b2]" name="CheckResponseBody" duration-ms="1" started-at="2020-01-16T09:49:36 IST" finished-at="2020-01-16T09:49:36 IST">
          <reporter-output>
          </reporter-output>
        </test-method> <!-- CheckResponseBody -->
        <test-method status="PASS" signature="CheckResponseTime()[pri:0, instance:com.employeeapi.testcases.TC_003_CreateRecord@523884b2]" name="CheckResponseTime" duration-ms="1" started-at="2020-01-16T09:49:36 IST" finished-at="2020-01-16T09:49:36 IST">
          <reporter-output>
          </reporter-output>
        </test-method> <!-- CheckResponseTime -->
        <test-method status="PASS" signature="CheckServerType()[pri:0, instance:com.employeeapi.testcases.TC_003_CreateRecord@523884b2]" name="CheckServerType" duration-ms="1" started-at="2020-01-16T09:49:36 IST" finished-at="2020-01-16T09:49:36 IST">
          <reporter-output>
          </reporter-output>
        </test-method> <!-- CheckServerType -->
        <test-method status="PASS" signature="CheckStatusCode()[pri:0, instance:com.employeeapi.testcases.TC_003_CreateRecord@523884b2]" name="CheckStatusCode" duration-ms="1" started-at="2020-01-16T09:49:36 IST" finished-at="2020-01-16T09:49:36 IST">
          <reporter-output>
          </reporter-output>
        </test-method> <!-- CheckStatusCode -->
        <test-method status="PASS" signature="CheckStatusLine()[pri:0, instance:com.employeeapi.testcases.TC_003_CreateRecord@523884b2]" name="CheckStatusLine" duration-ms="0" started-at="2020-01-16T09:49:36 IST" finished-at="2020-01-16T09:49:36 IST">
          <reporter-output>
          </reporter-output>
        </test-method> <!-- CheckStatusLine -->
        <test-method status="PASS" signature="TearDown()[pri:0, instance:com.employeeapi.testcases.TC_003_CreateRecord@523884b2]" name="TearDown" is-config="true" duration-ms="0" started-at="2020-01-16T09:49:36 IST" finished-at="2020-01-16T09:49:36 IST">
          <reporter-output>
          </reporter-output>
        </test-method> <!-- TearDown -->
      </class> <!-- com.employeeapi.testcases.TC_003_CreateRecord -->
      <class name="com.employeeapi.testcases.TC_001_GetAllEmployees">
        <test-method status="PASS" signature="setup()[pri:0, instance:com.employeeapi.testcases.TC_001_GetAllEmployees@28d25987]" name="setup" is-config="true" duration-ms="70" started-at="2020-01-16T09:49:31 IST" finished-at="2020-01-16T09:49:31 IST">
          <reporter-output>
          </reporter-output>
        </test-method> <!-- setup -->
        <test-method status="PASS" signature="getDetails()[pri:0, instance:com.employeeapi.testcases.TC_001_GetAllEmployees@28d25987]" name="getDetails" is-config="true" duration-ms="2612" started-at="2020-01-16T09:49:31 IST" finished-at="2020-01-16T09:49:34 IST">
          <reporter-output>
          </reporter-output>
        </test-method> <!-- getDetails -->
        <test-method status="PASS" signature="CheckContentEncoding()[pri:0, instance:com.employeeapi.testcases.TC_001_GetAllEmployees@28d25987]" name="CheckContentEncoding" duration-ms="5" started-at="2020-01-16T09:49:34 IST" finished-at="2020-01-16T09:49:34 IST">
          <reporter-output>
          </reporter-output>
        </test-method> <!-- CheckContentEncoding -->
        <test-method status="PASS" signature="CheckContentLength()[pri:0, instance:com.employeeapi.testcases.TC_001_GetAllEmployees@28d25987]" name="CheckContentLength" duration-ms="4" started-at="2020-01-16T09:49:34 IST" finished-at="2020-01-16T09:49:34 IST">
          <reporter-output>
          </reporter-output>
        </test-method> <!-- CheckContentLength -->
        <test-method status="PASS" signature="CheckContentType()[pri:0, instance:com.employeeapi.testcases.TC_001_GetAllEmployees@28d25987]" name="CheckContentType" duration-ms="1" started-at="2020-01-16T09:49:34 IST" finished-at="2020-01-16T09:49:34 IST">
          <reporter-output>
          </reporter-output>
        </test-method> <!-- CheckContentType -->
        <test-method status="PASS" signature="CheckCookies()[pri:0, instance:com.employeeapi.testcases.TC_001_GetAllEmployees@28d25987]" name="CheckCookies" duration-ms="2" started-at="2020-01-16T09:49:34 IST" finished-at="2020-01-16T09:49:34 IST">
          <reporter-output>
          </reporter-output>
        </test-method> <!-- CheckCookies -->
        <test-method status="PASS" signature="CheckResponseBody()[pri:0, instance:com.employeeapi.testcases.TC_001_GetAllEmployees@28d25987]" name="CheckResponseBody" duration-ms="31" started-at="2020-01-16T09:49:34 IST" finished-at="2020-01-16T09:49:34 IST">
          <reporter-output>
          </reporter-output>
        </test-method> <!-- CheckResponseBody -->
        <test-method status="PASS" signature="CheckResponseTime()[pri:0, instance:com.employeeapi.testcases.TC_001_GetAllEmployees@28d25987]" name="CheckResponseTime" duration-ms="1" started-at="2020-01-16T09:49:34 IST" finished-at="2020-01-16T09:49:34 IST">
          <reporter-output>
          </reporter-output>
        </test-method> <!-- CheckResponseTime -->
        <test-method status="PASS" signature="CheckServerType()[pri:0, instance:com.employeeapi.testcases.TC_001_GetAllEmployees@28d25987]" name="CheckServerType" duration-ms="1" started-at="2020-01-16T09:49:34 IST" finished-at="2020-01-16T09:49:34 IST">
          <reporter-output>
          </reporter-output>
        </test-method> <!-- CheckServerType -->
        <test-method status="PASS" signature="CheckStatusCode()[pri:0, instance:com.employeeapi.testcases.TC_001_GetAllEmployees@28d25987]" name="CheckStatusCode" duration-ms="2" started-at="2020-01-16T09:49:34 IST" finished-at="2020-01-16T09:49:34 IST">
          <reporter-output>
          </reporter-output>
        </test-method> <!-- CheckStatusCode -->
        <test-method status="PASS" signature="CheckStatusLine()[pri:0, instance:com.employeeapi.testcases.TC_001_GetAllEmployees@28d25987]" name="CheckStatusLine" duration-ms="2" started-at="2020-01-16T09:49:34 IST" finished-at="2020-01-16T09:49:34 IST">
          <reporter-output>
          </reporter-output>
        </test-method> <!-- CheckStatusLine -->
        <test-method status="PASS" signature="TearDown()[pri:0, instance:com.employeeapi.testcases.TC_001_GetAllEmployees@28d25987]" name="TearDown" is-config="true" duration-ms="1" started-at="2020-01-16T09:49:34 IST" finished-at="2020-01-16T09:49:34 IST">
          <reporter-output>
          </reporter-output>
        </test-method> <!-- TearDown -->
      </class> <!-- com.employeeapi.testcases.TC_001_GetAllEmployees -->
      <class name="com.employeeapi.testcases.TC_005_DeleteRecord">
        <test-method status="PASS" signature="setup()[pri:0, instance:com.employeeapi.testcases.TC_005_DeleteRecord@61832929]" name="setup" is-config="true" duration-ms="3" started-at="2020-01-16T09:49:37 IST" finished-at="2020-01-16T09:49:37 IST">
          <reporter-output>
          </reporter-output>
        </test-method> <!-- setup -->
        <test-method status="PASS" signature="DeleteEmpData()[pri:0, instance:com.employeeapi.testcases.TC_005_DeleteRecord@61832929]" name="DeleteEmpData" is-config="true" duration-ms="2318" started-at="2020-01-16T09:49:37 IST" finished-at="2020-01-16T09:49:39 IST">
          <reporter-output>
          </reporter-output>
        </test-method> <!-- DeleteEmpData -->
        <test-method status="PASS" signature="CheckContentLength()[pri:0, instance:com.employeeapi.testcases.TC_005_DeleteRecord@61832929]" name="CheckContentLength" duration-ms="1" started-at="2020-01-16T09:49:39 IST" finished-at="2020-01-16T09:49:39 IST">
          <reporter-output>
          </reporter-output>
        </test-method> <!-- CheckContentLength -->
        <test-method status="PASS" signature="CheckContentType()[pri:0, instance:com.employeeapi.testcases.TC_005_DeleteRecord@61832929]" name="CheckContentType" duration-ms="0" started-at="2020-01-16T09:49:39 IST" finished-at="2020-01-16T09:49:39 IST">
          <reporter-output>
          </reporter-output>
        </test-method> <!-- CheckContentType -->
        <test-method status="FAIL" signature="CheckResponseBody()[pri:0, instance:com.employeeapi.testcases.TC_005_DeleteRecord@61832929]" name="CheckResponseBody" duration-ms="1" started-at="2020-01-16T09:49:39 IST" finished-at="2020-01-16T09:49:39 IST">
          <exception class="java.lang.AssertionError">
            <message>
              <![CDATA[expected [true] but found [false]]]>
            </message>
            <full-stacktrace>
              <![CDATA[java.lang.AssertionError: expected [true] but found [false]
at org.testng.Assert.fail(Assert.java:97)
at org.testng.Assert.assertEqualsImpl(Assert.java:136)
at org.testng.Assert.assertEquals(Assert.java:118)
at org.testng.Assert.assertEquals(Assert.java:751)
at org.testng.Assert.assertEquals(Assert.java:761)
at com.employeeapi.testcases.TC_005_DeleteRecord.CheckResponseBody(TC_005_DeleteRecord.java:40)
at sun.reflect.NativeMethodAccessorImpl.invoke0(Native Method)
at sun.reflect.NativeMethodAccessorImpl.invoke(NativeMethodAccessorImpl.java:62)
at sun.reflect.DelegatingMethodAccessorImpl.invoke(DelegatingMethodAccessorImpl.java:43)
at java.lang.reflect.Method.invoke(Method.java:498)
at org.testng.internal.MethodInvocationHelper.invokeMethod(MethodInvocationHelper.java:134)
at org.testng.internal.TestInvoker.invokeMethod(TestInvoker.java:597)
at org.testng.internal.TestInvoker.invokeTestMethod(TestInvoker.java:173)
at org.testng.internal.MethodRunner.runInSequence(MethodRunner.java:46)
at org.testng.internal.TestInvoker$MethodInvocationAgent.invoke(TestInvoker.java:816)
at org.testng.internal.TestInvoker.invokeTestMethods(TestInvoker.java:146)
at org.testng.internal.TestMethodWorker.invokeTestMethods(TestMethodWorker.java:146)
at org.testng.internal.TestMethodWorker.run(TestMethodWorker.java:128)
at java.util.ArrayList.forEach(ArrayList.java:1257)
at org.testng.TestRunner.privateRun(TestRunner.java:766)
at org.testng.TestRunner.run(TestRunner.java:587)
at org.testng.SuiteRunner.runTest(SuiteRunner.java:384)
at org.testng.SuiteRunner.runSequentially(SuiteRunner.java:378)
at org.testng.SuiteRunner.privateRun(SuiteRunner.java:337)
at org.testng.SuiteRunner.run(SuiteRunner.java:286)
at org.testng.SuiteRunnerWorker.runSuite(SuiteRunnerWorker.java:53)
at org.testng.SuiteRunnerWorker.run(SuiteRunnerWorker.java:96)
at org.testng.TestNG.runSuitesSequentially(TestNG.java:1187)
at org.testng.TestNG.runSuitesLocally(TestNG.java:1109)
at org.testng.TestNG.runSuites(TestNG.java:1039)
at org.testng.TestNG.run(TestNG.java:1007)
at org.apache.maven.surefire.testng.TestNGExecutor.run(TestNGExecutor.java:295)
at org.apache.maven.surefire.testng.TestNGXmlTestSuite.execute(TestNGXmlTestSuite.java:84)
at org.apache.maven.surefire.testng.TestNGProvider.invoke(TestNGProvider.java:90)
at org.apache.maven.surefire.booter.ForkedBooter.invokeProviderInSameClassLoader(ForkedBooter.java:203)
at org.apache.maven.surefire.booter.ForkedBooter.runSuitesInProcess(ForkedBooter.java:155)
at org.apache.maven.surefire.booter.ForkedBooter.main(ForkedBooter.java:103)
]]>
            </full-stacktrace>
          </exception> <!-- java.lang.AssertionError -->
          <reporter-output>
          </reporter-output>
        </test-method> <!-- CheckResponseBody -->
        <test-method status="PASS" signature="CheckCookies()[pri:0, instance:com.employeeapi.testcases.TC_005_DeleteRecord@61832929]" name="CheckCookies" duration-ms="0" started-at="2020-01-16T09:49:39 IST" finished-at="2020-01-16T09:49:39 IST">
          <reporter-output>
          </reporter-output>
        </test-method> <!-- CheckCookies -->
        <test-method status="PASS" signature="CheckResponseTime()[pri:0, instance:com.employeeapi.testcases.TC_005_DeleteRecord@61832929]" name="CheckResponseTime" duration-ms="0" started-at="2020-01-16T09:49:39 IST" finished-at="2020-01-16T09:49:39 IST">
          <reporter-output>
          </reporter-output>
        </test-method> <!-- CheckResponseTime -->
        <test-method status="PASS" signature="CheckServerType()[pri:0, instance:com.employeeapi.testcases.TC_005_DeleteRecord@61832929]" name="CheckServerType" duration-ms="1" started-at="2020-01-16T09:49:39 IST" finished-at="2020-01-16T09:49:39 IST">
          <reporter-output>
          </reporter-output>
        </test-method> <!-- CheckServerType -->
        <test-method status="PASS" signature="CheckStatusCode()[pri:0, instance:com.employeeapi.testcases.TC_005_DeleteRecord@61832929]" name="CheckStatusCode" duration-ms="1" started-at="2020-01-16T09:49:39 IST" finished-at="2020-01-16T09:49:39 IST">
          <reporter-output>
          </reporter-output>
        </test-method> <!-- CheckStatusCode -->
        <test-method status="PASS" signature="CheckStatusLine()[pri:0, instance:com.employeeapi.testcases.TC_005_DeleteRecord@61832929]" name="CheckStatusLine" duration-ms="0" started-at="2020-01-16T09:49:39 IST" finished-at="2020-01-16T09:49:39 IST">
          <reporter-output>
          </reporter-output>
        </test-method> <!-- CheckStatusLine -->
        <test-method status="PASS" signature="TearDown()[pri:0, instance:com.employeeapi.testcases.TC_005_DeleteRecord@61832929]" name="TearDown" is-config="true" duration-ms="1" started-at="2020-01-16T09:49:39 IST" finished-at="2020-01-16T09:49:39 IST">
          <reporter-output>
          </reporter-output>
        </test-method> <!-- TearDown -->
      </class> <!-- com.employeeapi.testcases.TC_005_DeleteRecord -->
      <class name="com.employeeapi.testcases.TC_004_UpdateRecord">
        <test-method status="PASS" signature="setup()[pri:0, instance:com.employeeapi.testcases.TC_004_UpdateRecord@5b275dab]" name="setup" is-config="true" duration-ms="2" started-at="2020-01-16T09:49:36 IST" finished-at="2020-01-16T09:49:36 IST">
          <reporter-output>
          </reporter-output>
        </test-method> <!-- setup -->
        <test-method status="PASS" signature="UpdateEmpData()[pri:0, instance:com.employeeapi.testcases.TC_004_UpdateRecord@5b275dab]" name="UpdateEmpData" is-config="true" duration-ms="1031" started-at="2020-01-16T09:49:36 IST" finished-at="2020-01-16T09:49:37 IST">
          <reporter-output>
          </reporter-output>
        </test-method> <!-- UpdateEmpData -->
        <test-method status="PASS" signature="CheckContentLength()[pri:0, instance:com.employeeapi.testcases.TC_004_UpdateRecord@5b275dab]" name="CheckContentLength" duration-ms="1" started-at="2020-01-16T09:49:37 IST" finished-at="2020-01-16T09:49:37 IST">
          <reporter-output>
          </reporter-output>
        </test-method> <!-- CheckContentLength -->
        <test-method status="PASS" signature="CheckContentType()[pri:0, instance:com.employeeapi.testcases.TC_004_UpdateRecord@5b275dab]" name="CheckContentType" duration-ms="0" started-at="2020-01-16T09:49:37 IST" finished-at="2020-01-16T09:49:37 IST">
          <reporter-output>
          </reporter-output>
        </test-method> <!-- CheckContentType -->
        <test-method status="PASS" signature="CheckCookies()[pri:0, instance:com.employeeapi.testcases.TC_004_UpdateRecord@5b275dab]" name="CheckCookies" duration-ms="0" started-at="2020-01-16T09:49:37 IST" finished-at="2020-01-16T09:49:37 IST">
          <reporter-output>
          </reporter-output>
        </test-method> <!-- CheckCookies -->
        <test-method status="FAIL" signature="CheckResponseBody()[pri:0, instance:com.employeeapi.testcases.TC_004_UpdateRecord@5b275dab]" name="CheckResponseBody" duration-ms="1" started-at="2020-01-16T09:49:37 IST" finished-at="2020-01-16T09:49:37 IST">
          <exception class="java.lang.AssertionError">
            <message>
              <![CDATA[expected [true] but found [false]]]>
            </message>
            <full-stacktrace>
              <![CDATA[java.lang.AssertionError: expected [true] but found [false]
at org.testng.Assert.fail(Assert.java:97)
at org.testng.Assert.assertEqualsImpl(Assert.java:136)
at org.testng.Assert.assertEquals(Assert.java:118)
at org.testng.Assert.assertEquals(Assert.java:751)
at org.testng.Assert.assertEquals(Assert.java:761)
at com.employeeapi.testcases.TC_004_UpdateRecord.CheckResponseBody(TC_004_UpdateRecord.java:42)
at sun.reflect.NativeMethodAccessorImpl.invoke0(Native Method)
at sun.reflect.NativeMethodAccessorImpl.invoke(NativeMethodAccessorImpl.java:62)
at sun.reflect.DelegatingMethodAccessorImpl.invoke(DelegatingMethodAccessorImpl.java:43)
at java.lang.reflect.Method.invoke(Method.java:498)
at org.testng.internal.MethodInvocationHelper.invokeMethod(MethodInvocationHelper.java:134)
at org.testng.internal.TestInvoker.invokeMethod(TestInvoker.java:597)
at org.testng.internal.TestInvoker.invokeTestMethod(TestInvoker.java:173)
at org.testng.internal.MethodRunner.runInSequence(MethodRunner.java:46)
at org.testng.internal.TestInvoker$MethodInvocationAgent.invoke(TestInvoker.java:816)
at org.testng.internal.TestInvoker.invokeTestMethods(TestInvoker.java:146)
at org.testng.internal.TestMethodWorker.invokeTestMethods(TestMethodWorker.java:146)
at org.testng.internal.TestMethodWorker.run(TestMethodWorker.java:128)
at java.util.ArrayList.forEach(ArrayList.java:1257)
at org.testng.TestRunner.privateRun(TestRunner.java:766)
at org.testng.TestRunner.run(TestRunner.java:587)
at org.testng.SuiteRunner.runTest(SuiteRunner.java:384)
at org.testng.SuiteRunner.runSequentially(SuiteRunner.java:378)
at org.testng.SuiteRunner.privateRun(SuiteRunner.java:337)
at org.testng.SuiteRunner.run(SuiteRunner.java:286)
at org.testng.SuiteRunnerWorker.runSuite(SuiteRunnerWorker.java:53)
at org.testng.SuiteRunnerWorker.run(SuiteRunnerWorker.java:96)
at org.testng.TestNG.runSuitesSequentially(TestNG.java:1187)
at org.testng.TestNG.runSuitesLocally(TestNG.java:1109)
at org.testng.TestNG.runSuites(TestNG.java:1039)
at org.testng.TestNG.run(TestNG.java:1007)
at org.apache.maven.surefire.testng.TestNGExecutor.run(TestNGExecutor.java:295)
at org.apache.maven.surefire.testng.TestNGXmlTestSuite.execute(TestNGXmlTestSuite.java:84)
at org.apache.maven.surefire.testng.TestNGProvider.invoke(TestNGProvider.java:90)
at org.apache.maven.surefire.booter.ForkedBooter.invokeProviderInSameClassLoader(ForkedBooter.java:203)
at org.apache.maven.surefire.booter.ForkedBooter.runSuitesInProcess(ForkedBooter.java:155)
at org.apache.maven.surefire.booter.ForkedBooter.main(ForkedBooter.java:103)
]]>
            </full-stacktrace>
          </exception> <!-- java.lang.AssertionError -->
          <reporter-output>
          </reporter-output>
        </test-method> <!-- CheckResponseBody -->
        <test-method status="PASS" signature="CheckResponseTime()[pri:0, instance:com.employeeapi.testcases.TC_004_UpdateRecord@5b275dab]" name="CheckResponseTime" duration-ms="1" started-at="2020-01-16T09:49:37 IST" finished-at="2020-01-16T09:49:37 IST">
          <reporter-output>
          </reporter-output>
        </test-method> <!-- CheckResponseTime -->
        <test-method status="PASS" signature="CheckServerType()[pri:0, instance:com.employeeapi.testcases.TC_004_UpdateRecord@5b275dab]" name="CheckServerType" duration-ms="1" started-at="2020-01-16T09:49:37 IST" finished-at="2020-01-16T09:49:37 IST">
          <reporter-output>
          </reporter-output>
        </test-method> <!-- CheckServerType -->
        <test-method status="PASS" signature="CheckStatusCode()[pri:0, instance:com.employeeapi.testcases.TC_004_UpdateRecord@5b275dab]" name="CheckStatusCode" duration-ms="1" started-at="2020-01-16T09:49:37 IST" finished-at="2020-01-16T09:49:37 IST">
          <reporter-output>
          </reporter-output>
        </test-method> <!-- CheckStatusCode -->
        <test-method status="PASS" signature="CheckStatusLine()[pri:0, instance:com.employeeapi.testcases.TC_004_UpdateRecord@5b275dab]" name="CheckStatusLine" duration-ms="0" started-at="2020-01-16T09:49:37 IST" finished-at="2020-01-16T09:49:37 IST">
          <reporter-output>
          </reporter-output>
        </test-method> <!-- CheckStatusLine -->
        <test-method status="PASS" signature="TearDown()[pri:0, instance:com.employeeapi.testcases.TC_004_UpdateRecord@5b275dab]" name="TearDown" is-config="true" duration-ms="0" started-at="2020-01-16T09:49:37 IST" finished-at="2020-01-16T09:49:37 IST">
          <reporter-output>
          </reporter-output>
        </test-method> <!-- TearDown -->
      </class> <!-- com.employeeapi.testcases.TC_004_UpdateRecord -->
    </test> <!-- EmployeesRESTApi -->
  </suite> <!-- EmployeeRestAPISuite -->
</testng-results>
